# JRE version: OpenJDK Runtime Environment (17.0.11) (build 17.0.11+0--11852314)
# Java VM: OpenJDK 64-Bit Server VM (17.0.11+0--11852314, mixed mode, tiered, compressed oops, compressed class ptrs, g1 gc, windows-amd64)
GC Precious Log:
 CPUs: 8 total, 8 available
 Memory: 7987M
 Large Page Support: Disabled
 NUMA Support: Disabled
 Compressed Oops: Enabled (32-bit)
 Heap Region Size: 1M
 Heap Min Capacity: 8M
 Heap Initial Capacity: 126M
 Heap Max Capacity: 2G
 Pre-touch: Disabled
 Parallel Workers: 8
 Concurrent Workers: 2
 Concurrent Refinement Workers: 8
 Periodic GC: Disabled
Heap:
 garbage-first heap   total 355328K, used 265801K [0x0000000080000000, 0x0000000100000000)
  region size 1024K, 2 young (2048K), 2 survivors (2048K)
 Metaspace       used 163703K, committed 165312K, reserved 1245184K
  class space    used 21939K, committed 22656K, reserved 1048576K
GC Heap History (20 events):
Event: 13782.796 GC heap after
{Heap after GC invocations=74 (full 3):
 garbage-first heap   total 355328K, used 161051K [0x0000000080000000, 0x0000000100000000)
  region size 1024K, 7 young (7168K), 7 survivors (7168K)
 Metaspace       used 163146K, committed 164736K, reserved 1245184K
  class space    used 21918K, committed 22656K, reserved 1048576K
}
Event: 13787.223 GC heap before
{Heap before GC invocations=74 (full 3):
 garbage-first heap   total 355328K, used 281883K [0x0000000080000000, 0x0000000100000000)
  region size 1024K, 124 young (126976K), 7 survivors (7168K)
 Metaspace       used 163252K, committed 164800K, reserved 1245184K
  class space    used 21919K, committed 22656K, reserved 1048576K
}
Event: 13787.301 GC heap after
{Heap after GC invocations=75 (full 3):
 garbage-first heap   total 355328K, used 182367K [0x0000000080000000, 0x0000000100000000)
  region size 1024K, 16 young (16384K), 16 survivors (16384K)
 Metaspace       used 163252K, committed 164800K, reserved 1245184K
  class space    used 21919K, committed 22656K, reserved 1048576K
}
Event: 13818.775 GC heap before
{Heap before GC invocations=75 (full 3):
 garbage-first heap   total 355328K, used 301151K [0x0000000080000000, 0x0000000100000000)
  region size 1024K, 108 young (110592K), 16 survivors (16384K)
 Metaspace       used 163358K, committed 164928K, reserved 1245184K
  class space    used 21919K, committed 22656K, reserved 1048576K
}
Event: 13818.794 GC heap after
{Heap after GC invocations=76 (full 3):
 garbage-first heap   total 355328K, used 187907K [0x0000000080000000, 0x0000000100000000)
  region size 1024K, 9 young (9216K), 9 survivors (9216K)
 Metaspace       used 163358K, committed 164928K, reserved 1245184K
  class space    used 21919K, committed 22656K, reserved 1048576K
}
Event: 13820.377 GC heap before
{Heap before GC invocations=76 (full 3):
 garbage-first heap   total 355328K, used 282115K [0x0000000080000000, 0x0000000100000000)
  region size 1024K, 100 young (102400K), 9 survivors (9216K)
 Metaspace       used 163434K, committed 164992K, reserved 1245184K
  class space    used 21921K, committed 22656K, reserved 1048576K
}
Event: 13820.394 GC heap after
{Heap after GC invocations=77 (full 3):
 garbage-first heap   total 355328K, used 208189K [0x0000000080000000, 0x0000000100000000)
  region size 1024K, 13 young (13312K), 13 survivors (13312K)
 Metaspace       used 163434K, committed 164992K, reserved 1245184K
  class space    used 21921K, committed 22656K, reserved 1048576K
}
Event: 14138.234 GC heap before
{Heap before GC invocations=77 (full 3):
 garbage-first heap   total 355328K, used 277821K [0x0000000080000000, 0x0000000100000000)
  region size 1024K, 82 young (83968K), 13 survivors (13312K)
 Metaspace       used 163514K, committed 165056K, reserved 1245184K
  class space    used 21922K, committed 22656K, reserved 1048576K
}
Event: 14138.353 GC heap after
{Heap after GC invocations=78 (full 3):
 garbage-first heap   total 355328K, used 212769K [0x0000000080000000, 0x0000000100000000)
  region size 1024K, 7 young (7168K), 7 survivors (7168K)
 Metaspace       used 163514K, committed 165056K, reserved 1245184K
  class space    used 21922K, committed 22656K, reserved 1048576K
}
Event: 14139.989 GC heap before
{Heap before GC invocations=78 (full 3):
 garbage-first heap   total 355328K, used 285473K [0x0000000080000000, 0x0000000100000000)
  region size 1024K, 76 young (77824K), 7 survivors (7168K)
 Metaspace       used 163588K, committed 165120K, reserved 1245184K
  class space    used 21925K, committed 22656K, reserved 1048576K
}
Event: 14140.051 GC heap after
{Heap after GC invocations=79 (full 3):
 garbage-first heap   total 355328K, used 242964K [0x0000000080000000, 0x0000000100000000)
  region size 1024K, 10 young (10240K), 10 survivors (10240K)
 Metaspace       used 163588K, committed 165120K, reserved 1245184K
  class space    used 21925K, committed 22656K, reserved 1048576K
}
Event: 14140.232 GC heap before
{Heap before GC invocations=79 (full 3):
 garbage-first heap   total 355328K, used 283924K [0x0000000080000000, 0x0000000100000000)
  region size 1024K, 42 young (43008K), 10 survivors (10240K)
 Metaspace       used 163599K, committed 165120K, reserved 1245184K
  class space    used 21925K, committed 22656K, reserved 1048576K
}
Event: 14140.249 GC heap after
{Heap after GC invocations=80 (full 3):
 garbage-first heap   total 355328K, used 251681K [0x0000000080000000, 0x0000000100000000)
  region size 1024K, 6 young (6144K), 6 survivors (6144K)
 Metaspace       used 163599K, committed 165120K, reserved 1245184K
  class space    used 21925K, committed 22656K, reserved 1048576K
}
Event: 14140.339 GC heap before
{Heap before GC invocations=80 (full 3):
 garbage-first heap   total 355328K, used 282401K [0x0000000080000000, 0x0000000100000000)
  region size 1024K, 36 young (36864K), 6 survivors (6144K)
 Metaspace       used 163600K, committed 165120K, reserved 1245184K
  class space    used 21925K, committed 22656K, reserved 1048576K
}
Event: 14140.343 GC heap after
{Heap after GC invocations=81 (full 3):
 garbage-first heap   total 355328K, used 255905K [0x0000000080000000, 0x0000000100000000)
  region size 1024K, 4 young (4096K), 4 survivors (4096K)
 Metaspace       used 163600K, committed 165120K, reserved 1245184K
  class space    used 21925K, committed 22656K, reserved 1048576K
}
Event: 14140.805 GC heap before
{Heap before GC invocations=81 (full 3):
 garbage-first heap   total 355328K, used 315297K [0x0000000080000000, 0x0000000100000000)
  region size 1024K, 34 young (34816K), 4 survivors (4096K)
 Metaspace       used 163640K, committed 165184K, reserved 1245184K
  class space    used 21930K, committed 22656K, reserved 1048576K
}
Event: 14140.810 GC heap after
{Heap after GC invocations=82 (full 3):
 garbage-first heap   total 355328K, used 259796K [0x0000000080000000, 0x0000000100000000)
  region size 1024K, 4 young (4096K), 4 survivors (4096K)
 Metaspace       used 163640K, committed 165184K, reserved 1245184K
  class space    used 21930K, committed 22656K, reserved 1048576K
}
Event: 14140.948 GC heap before
{Heap before GC invocations=82 (full 3):
 garbage-first heap   total 355328K, used 290516K [0x0000000080000000, 0x0000000100000000)
  region size 1024K, 34 young (34816K), 4 survivors (4096K)
 Metaspace       used 163667K, committed 165248K, reserved 1245184K
  class space    used 21936K, committed 22656K, reserved 1048576K
}
Event: 14140.953 GC heap after
{Heap after GC invocations=83 (full 3):
 garbage-first heap   total 355328K, used 264515K [0x0000000080000000, 0x0000000100000000)
  region size 1024K, 5 young (5120K), 5 survivors (5120K)
 Metaspace       used 163667K, committed 165248K, reserved 1245184K
  class space    used 21936K, committed 22656K, reserved 1048576K
}
Event: 14143.079 GC heap before
{Heap before GC invocations=83 (full 3):
 garbage-first heap   total 355328K, used 293187K [0x0000000080000000, 0x0000000100000000)
  region size 1024K, 34 young (34816K), 5 survivors (5120K)
 Metaspace       used 163703K, committed 165312K, reserved 1245184K
  class space    used 21939K, committed 22656K, reserved 1048576K
}

