# JRE version: OpenJDK Runtime Environment (17.0.11) (build 17.0.11+0--11852314)
# Java VM: OpenJDK 64-Bit Server VM (17.0.11+0--11852314, mixed mode, tiered, compressed oops, compressed class ptrs, g1 gc, windows-amd64)
GC Precious Log:
 CPUs: 8 total, 8 available
 Memory: 7987M
 Large Page Support: Disabled
 NUMA Support: Disabled
 Compressed Oops: Enabled (32-bit)
 Heap Region Size: 1M
 Heap Min Capacity: 8M
 Heap Initial Capacity: 126M
 Heap Max Capacity: 2G
 Pre-touch: Disabled
 Parallel Workers: 8
 Concurrent Workers: 2
 Concurrent Refinement Workers: 8
 Periodic GC: Disabled
Heap:
 garbage-first heap   total 300032K, used 181682K [0x0000000080000000, 0x0000000100000000)
  region size 1024K, 10 young (10240K), 3 survivors (3072K)
 Metaspace       used 146365K, committed 147520K, reserved 1179648K
  class space    used 20600K, committed 21184K, reserved 1048576K
GC Heap History (20 events):
Event: 29.958 GC heap before
{Heap before GC invocations=55 (full 0):
 garbage-first heap   total 203776K, used 167316K [0x0000000080000000, 0x0000000100000000)
  region size 1024K, 48 young (49152K), 7 survivors (7168K)
 Metaspace       used 118261K, committed 119104K, reserved 1179648K
  class space    used 16360K, committed 16768K, reserved 1048576K
}
Event: 29.964 GC heap after
{Heap after GC invocations=56 (full 0):
 garbage-first heap   total 203776K, used 131386K [0x0000000080000000, 0x0000000100000000)
  region size 1024K, 6 young (6144K), 6 survivors (6144K)
 Metaspace       used 118261K, committed 119104K, reserved 1179648K
  class space    used 16360K, committed 16768K, reserved 1048576K
}
Event: 30.333 GC heap before
{Heap before GC invocations=56 (full 0):
 garbage-first heap   total 203776K, used 170298K [0x0000000080000000, 0x0000000100000000)
  region size 1024K, 43 young (44032K), 6 survivors (6144K)
 Metaspace       used 120547K, committed 121408K, reserved 1179648K
  class space    used 16619K, committed 17024K, reserved 1048576K
}
Event: 30.338 GC heap after
{Heap after GC invocations=57 (full 0):
 garbage-first heap   total 203776K, used 143596K [0x0000000080000000, 0x0000000100000000)
  region size 1024K, 6 young (6144K), 6 survivors (6144K)
 Metaspace       used 120547K, committed 121408K, reserved 1179648K
  class space    used 16619K, committed 17024K, reserved 1048576K
}
Event: 30.538 GC heap before
{Heap before GC invocations=57 (full 0):
 garbage-first heap   total 203776K, used 169196K [0x0000000080000000, 0x0000000100000000)
  region size 1024K, 31 young (31744K), 6 survivors (6144K)
 Metaspace       used 122165K, committed 123008K, reserved 1179648K
  class space    used 16825K, committed 17216K, reserved 1048576K
}
Event: 30.544 GC heap after
{Heap after GC invocations=58 (full 0):
 garbage-first heap   total 203776K, used 148397K [0x0000000080000000, 0x0000000100000000)
  region size 1024K, 4 young (4096K), 4 survivors (4096K)
 Metaspace       used 122165K, committed 123008K, reserved 1179648K
  class space    used 16825K, committed 17216K, reserved 1048576K
}
Event: 30.826 GC heap before
{Heap before GC invocations=58 (full 0):
 garbage-first heap   total 203776K, used 170925K [0x0000000080000000, 0x0000000100000000)
  region size 1024K, 27 young (27648K), 4 survivors (4096K)
 Metaspace       used 122764K, committed 123648K, reserved 1179648K
  class space    used 16900K, committed 17344K, reserved 1048576K
}
Event: 30.832 GC heap after
{Heap after GC invocations=59 (full 0):
 garbage-first heap   total 300032K, used 152162K [0x0000000080000000, 0x0000000100000000)
  region size 1024K, 4 young (4096K), 4 survivors (4096K)
 Metaspace       used 122764K, committed 123648K, reserved 1179648K
  class space    used 16900K, committed 17344K, reserved 1048576K
}
Event: 31.801 GC heap before
{Heap before GC invocations=59 (full 0):
 garbage-first heap   total 300032K, used 236130K [0x0000000080000000, 0x0000000100000000)
  region size 1024K, 87 young (89088K), 4 survivors (4096K)
 Metaspace       used 132427K, committed 133376K, reserved 1179648K
  class space    used 18450K, committed 18944K, reserved 1048576K
}
Event: 31.806 GC heap after
{Heap after GC invocations=60 (full 0):
 garbage-first heap   total 300032K, used 155213K [0x0000000080000000, 0x0000000100000000)
  region size 1024K, 7 young (7168K), 7 survivors (7168K)
 Metaspace       used 132427K, committed 133376K, reserved 1179648K
  class space    used 18450K, committed 18944K, reserved 1048576K
}
Event: 32.829 GC heap before
{Heap before GC invocations=60 (full 0):
 garbage-first heap   total 300032K, used 242253K [0x0000000080000000, 0x0000000100000000)
  region size 1024K, 93 young (95232K), 7 survivors (7168K)
 Metaspace       used 141483K, committed 142464K, reserved 1179648K
  class space    used 20119K, committed 20608K, reserved 1048576K
}
Event: 32.834 GC heap after
{Heap after GC invocations=61 (full 0):
 garbage-first heap   total 300032K, used 157169K [0x0000000080000000, 0x0000000100000000)
  region size 1024K, 8 young (8192K), 8 survivors (8192K)
 Metaspace       used 141483K, committed 142464K, reserved 1179648K
  class space    used 20119K, committed 20608K, reserved 1048576K
}
Event: 380.581 GC heap before
{Heap before GC invocations=61 (full 0):
 garbage-first heap   total 300032K, used 272881K [0x0000000080000000, 0x0000000100000000)
  region size 1024K, 97 young (99328K), 8 survivors (8192K)
 Metaspace       used 144539K, committed 145536K, reserved 1179648K
  class space    used 20528K, committed 21056K, reserved 1048576K
}
Event: 380.781 GC heap after
{Heap after GC invocations=62 (full 0):
 garbage-first heap   total 300032K, used 162998K [0x0000000080000000, 0x0000000100000000)
  region size 1024K, 11 young (11264K), 11 survivors (11264K)
 Metaspace       used 144539K, committed 145536K, reserved 1179648K
  class space    used 20528K, committed 21056K, reserved 1048576K
}
Event: 480.608 GC heap before
{Heap before GC invocations=62 (full 0):
 garbage-first heap   total 300032K, used 249014K [0x0000000080000000, 0x0000000100000000)
  region size 1024K, 95 young (97280K), 11 survivors (11264K)
 Metaspace       used 145169K, committed 146176K, reserved 1179648K
  class space    used 20549K, committed 21056K, reserved 1048576K
}
Event: 480.833 GC heap after
{Heap after GC invocations=63 (full 0):
 garbage-first heap   total 300032K, used 159797K [0x0000000080000000, 0x0000000100000000)
  region size 1024K, 3 young (3072K), 3 survivors (3072K)
 Metaspace       used 145169K, committed 146176K, reserved 1179648K
  class space    used 20549K, committed 21056K, reserved 1048576K
}
Event: 484.499 GC heap before
{Heap before GC invocations=63 (full 0):
 garbage-first heap   total 300032K, used 249909K [0x0000000080000000, 0x0000000100000000)
  region size 1024K, 92 young (94208K), 3 survivors (3072K)
 Metaspace       used 145763K, committed 146880K, reserved 1179648K
  class space    used 20593K, committed 21184K, reserved 1048576K
}
Event: 484.567 GC heap after
{Heap after GC invocations=64 (full 0):
 garbage-first heap   total 300032K, used 170359K [0x0000000080000000, 0x0000000100000000)
  region size 1024K, 12 young (12288K), 12 survivors (12288K)
 Metaspace       used 145763K, committed 146880K, reserved 1179648K
  class space    used 20593K, committed 21184K, reserved 1048576K
}
Event: 490.460 GC heap before
{Heap before GC invocations=64 (full 0):
 garbage-first heap   total 300032K, used 250231K [0x0000000080000000, 0x0000000100000000)
  region size 1024K, 89 young (91136K), 12 survivors (12288K)
 Metaspace       used 146264K, committed 147392K, reserved 1179648K
  class space    used 20597K, committed 21184K, reserved 1048576K
}
Event: 490.531 GC heap after
{Heap after GC invocations=65 (full 0):
 garbage-first heap   total 300032K, used 175538K [0x0000000080000000, 0x0000000100000000)
  region size 1024K, 3 young (3072K), 3 survivors (3072K)
 Metaspace       used 146264K, committed 147392K, reserved 1179648K
  class space    used 20597K, committed 21184K, reserved 1048576K
}

