# JRE version: OpenJDK Runtime Environment (17.0.11) (build 17.0.11+0--11852314)
# Java VM: OpenJDK 64-Bit Server VM (17.0.11+0--11852314, mixed mode, tiered, compressed oops, compressed class ptrs, g1 gc, windows-amd64)
GC Precious Log:
 CPUs: 8 total, 8 available
 Memory: 7987M
 Large Page Support: Disabled
 NUMA Support: Disabled
 Compressed Oops: Enabled (32-bit)
 Heap Region Size: 1M
 Heap Min Capacity: 8M
 Heap Initial Capacity: 126M
 Heap Max Capacity: 2G
 Pre-touch: Disabled
 Parallel Workers: 8
 Concurrent Workers: 2
 Concurrent Refinement Workers: 8
 Periodic GC: Disabled
Heap:
 garbage-first heap   total 362496K, used 173781K [0x0000000080000000, 0x0000000100000000)
  region size 1024K, 9 young (9216K), 9 survivors (9216K)
 Metaspace       used 144390K, committed 145408K, reserved 1179648K
  class space    used 19738K, committed 20288K, reserved 1048576K
GC Heap History (20 events):
Event: 1349.286 GC heap after
{Heap after GC invocations=62 (full 0):
 garbage-first heap   total 259072K, used 158522K [0x0000000080000000, 0x0000000100000000)
  region size 1024K, 3 young (3072K), 3 survivors (3072K)
 Metaspace       used 132874K, committed 133824K, reserved 1179648K
  class space    used 18390K, committed 18880K, reserved 1048576K
}
Event: 1349.781 GC heap before
{Heap before GC invocations=62 (full 0):
 garbage-first heap   total 259072K, used 209722K [0x0000000080000000, 0x0000000100000000)
  region size 1024K, 37 young (37888K), 3 survivors (3072K)
 Metaspace       used 135560K, committed 136512K, reserved 1179648K
  class space    used 18856K, committed 19328K, reserved 1048576K
}
Event: 1349.786 GC heap after
{Heap after GC invocations=63 (full 0):
 garbage-first heap   total 259072K, used 179748K [0x0000000080000000, 0x0000000100000000)
  region size 1024K, 6 young (6144K), 6 survivors (6144K)
 Metaspace       used 135560K, committed 136512K, reserved 1179648K
  class space    used 18856K, committed 19328K, reserved 1048576K
}
Event: 2098.551 GC heap before
{Heap before GC invocations=63 (full 0):
 garbage-first heap   total 259072K, used 224804K [0x0000000080000000, 0x0000000100000000)
  region size 1024K, 43 young (44032K), 6 survivors (6144K)
 Metaspace       used 135896K, committed 136896K, reserved 1179648K
  class space    used 18898K, committed 19392K, reserved 1048576K
}
Event: 2098.684 GC heap after
{Heap after GC invocations=64 (full 0):
 garbage-first heap   total 259072K, used 161912K [0x0000000080000000, 0x0000000100000000)
  region size 1024K, 2 young (2048K), 2 survivors (2048K)
 Metaspace       used 135896K, committed 136896K, reserved 1179648K
  class space    used 18898K, committed 19392K, reserved 1048576K
}
Event: 2101.352 GC heap before
{Heap before GC invocations=64 (full 0):
 garbage-first heap   total 259072K, used 215160K [0x0000000080000000, 0x0000000100000000)
  region size 1024K, 55 young (56320K), 2 survivors (2048K)
 Metaspace       used 136287K, committed 137344K, reserved 1179648K
  class space    used 18920K, committed 19456K, reserved 1048576K
}
Event: 2101.386 GC heap after
{Heap after GC invocations=65 (full 0):
 garbage-first heap   total 259072K, used 169654K [0x0000000080000000, 0x0000000100000000)
  region size 1024K, 7 young (7168K), 7 survivors (7168K)
 Metaspace       used 136287K, committed 137344K, reserved 1179648K
  class space    used 18920K, committed 19456K, reserved 1048576K
}
Event: 2102.624 GC heap before
{Heap before GC invocations=65 (full 0):
 garbage-first heap   total 259072K, used 218806K [0x0000000080000000, 0x0000000100000000)
  region size 1024K, 53 young (54272K), 7 survivors (7168K)
 Metaspace       used 137810K, committed 138816K, reserved 1179648K
  class space    used 19081K, committed 19584K, reserved 1048576K
}
Event: 2102.692 GC heap after
{Heap after GC invocations=66 (full 0):
 garbage-first heap   total 259072K, used 194259K [0x0000000080000000, 0x0000000100000000)
  region size 1024K, 7 young (7168K), 7 survivors (7168K)
 Metaspace       used 137810K, committed 138816K, reserved 1179648K
  class space    used 19081K, committed 19584K, reserved 1048576K
}
Event: 2103.048 GC heap before
{Heap before GC invocations=66 (full 0):
 garbage-first heap   total 259072K, used 211667K [0x0000000080000000, 0x0000000100000000)
  region size 1024K, 25 young (25600K), 7 survivors (7168K)
 Metaspace       used 138225K, committed 139264K, reserved 1179648K
  class space    used 19123K, committed 19648K, reserved 1048576K
}
Event: 2103.059 GC heap after
{Heap after GC invocations=67 (full 0):
 garbage-first heap   total 259072K, used 197922K [0x0000000080000000, 0x0000000100000000)
  region size 1024K, 2 young (2048K), 2 survivors (2048K)
 Metaspace       used 138225K, committed 139264K, reserved 1179648K
  class space    used 19123K, committed 19648K, reserved 1048576K
}
Event: 2103.900 GC heap before
{Heap before GC invocations=67 (full 0):
 garbage-first heap   total 362496K, used 221474K [0x0000000080000000, 0x0000000100000000)
  region size 1024K, 20 young (20480K), 2 survivors (2048K)
 Metaspace       used 138295K, committed 139520K, reserved 1179648K
  class space    used 19101K, committed 19648K, reserved 1048576K
}
Event: 2103.907 GC heap after
{Heap after GC invocations=68 (full 0):
 garbage-first heap   total 362496K, used 202477K [0x0000000080000000, 0x0000000100000000)
  region size 1024K, 3 young (3072K), 3 survivors (3072K)
 Metaspace       used 138295K, committed 139520K, reserved 1179648K
  class space    used 19101K, committed 19648K, reserved 1048576K
}
Event: 2105.486 GC heap before
{Heap before GC invocations=69 (full 0):
 garbage-first heap   total 362496K, used 312045K [0x0000000080000000, 0x0000000100000000)
  region size 1024K, 81 young (82944K), 3 survivors (3072K)
 Metaspace       used 140040K, committed 140928K, reserved 1179648K
  class space    used 19276K, committed 19712K, reserved 1048576K
}
Event: 2105.494 GC heap after
{Heap after GC invocations=70 (full 0):
 garbage-first heap   total 362496K, used 207892K [0x0000000080000000, 0x0000000100000000)
  region size 1024K, 11 young (11264K), 11 survivors (11264K)
 Metaspace       used 140040K, committed 140928K, reserved 1179648K
  class space    used 19276K, committed 19712K, reserved 1048576K
}
Event: 2105.522 GC heap before
{Heap before GC invocations=70 (full 0):
 garbage-first heap   total 362496K, used 214036K [0x0000000080000000, 0x0000000100000000)
  region size 1024K, 17 young (17408K), 11 survivors (11264K)
 Metaspace       used 140141K, committed 141120K, reserved 1179648K
  class space    used 19285K, committed 19712K, reserved 1048576K
}
Event: 2105.558 GC heap after
{Heap after GC invocations=71 (full 0):
 garbage-first heap   total 362496K, used 177600K [0x0000000080000000, 0x0000000100000000)
  region size 1024K, 2 young (2048K), 2 survivors (2048K)
 Metaspace       used 140141K, committed 141120K, reserved 1179648K
  class space    used 19285K, committed 19712K, reserved 1048576K
}
Event: 2105.673 GC heap before
{Heap before GC invocations=71 (full 0):
 garbage-first heap   total 362496K, used 192960K [0x0000000080000000, 0x0000000100000000)
  region size 1024K, 17 young (17408K), 2 survivors (2048K)
 Metaspace       used 140405K, committed 141376K, reserved 1179648K
  class space    used 19326K, committed 19776K, reserved 1048576K
}
Event: 2105.697 GC heap after
{Heap after GC invocations=72 (full 0):
 garbage-first heap   total 362496K, used 167962K [0x0000000080000000, 0x0000000100000000)
  region size 1024K, 3 young (3072K), 3 survivors (3072K)
 Metaspace       used 140405K, committed 141376K, reserved 1179648K
  class space    used 19326K, committed 19776K, reserved 1048576K
}
Event: 2114.418 GC heap before
{Heap before GC invocations=72 (full 0):
 garbage-first heap   total 362496K, used 277530K [0x0000000080000000, 0x0000000100000000)
  region size 1024K, 111 young (113664K), 3 survivors (3072K)
 Metaspace       used 144390K, committed 145408K, reserved 1179648K
  class space    used 19738K, committed 20288K, reserved 1048576K
}

