# JRE version: OpenJDK Runtime Environment (17.0.11) (build 17.0.11+0--11852314)
# Java VM: OpenJDK 64-Bit Server VM (17.0.11+0--11852314, mixed mode, tiered, compressed oops, compressed class ptrs, g1 gc, windows-amd64)
GC Precious Log:
 CPUs: 8 total, 8 available
 Memory: 7987M
 Large Page Support: Disabled
 NUMA Support: Disabled
 Compressed Oops: Enabled (32-bit)
 Heap Region Size: 1M
 Heap Min Capacity: 8M
 Heap Initial Capacity: 126M
 Heap Max Capacity: 2G
 Pre-touch: Disabled
 Parallel Workers: 8
 Concurrent Workers: 2
 Concurrent Refinement Workers: 8
 Periodic GC: Disabled
Heap:
 garbage-first heap   total 334848K, used 240519K [0x0000000080000000, 0x0000000100000000)
  region size 1024K, 30 young (30720K), 2 survivors (2048K)
 Metaspace       used 150389K, committed 151552K, reserved 1179648K
  class space    used 20943K, committed 21504K, reserved 1048576K
GC Heap History (20 events):
Event: 27.005 GC heap before
{Heap before GC invocations=58 (full 0):
 garbage-first heap   total 278528K, used 234250K [0x0000000080000000, 0x0000000100000000)
  region size 1024K, 39 young (39936K), 2 survivors (2048K)
 Metaspace       used 140369K, committed 141312K, reserved 1179648K
  class space    used 19600K, committed 20096K, reserved 1048576K
}
Event: 27.009 GC heap after
{Heap after GC invocations=59 (full 0):
 garbage-first heap   total 278528K, used 199204K [0x0000000080000000, 0x0000000100000000)
  region size 1024K, 4 young (4096K), 4 survivors (4096K)
 Metaspace       used 140369K, committed 141312K, reserved 1179648K
  class space    used 19600K, committed 20096K, reserved 1048576K
}
Event: 27.136 GC heap before
{Heap before GC invocations=59 (full 0):
 garbage-first heap   total 278528K, used 236068K [0x0000000080000000, 0x0000000100000000)
  region size 1024K, 41 young (41984K), 4 survivors (4096K)
 Metaspace       used 141759K, committed 142720K, reserved 1179648K
  class space    used 19822K, committed 20288K, reserved 1048576K
}
Event: 27.139 GC heap after
{Heap after GC invocations=60 (full 0):
 garbage-first heap   total 278528K, used 199316K [0x0000000080000000, 0x0000000100000000)
  region size 1024K, 3 young (3072K), 3 survivors (3072K)
 Metaspace       used 141759K, committed 142720K, reserved 1179648K
  class space    used 19822K, committed 20288K, reserved 1048576K
}
Event: 27.252 GC heap before
{Heap before GC invocations=60 (full 0):
 garbage-first heap   total 278528K, used 236180K [0x0000000080000000, 0x0000000100000000)
  region size 1024K, 40 young (40960K), 3 survivors (3072K)
 Metaspace       used 143693K, committed 144704K, reserved 1179648K
  class space    used 20177K, committed 20672K, reserved 1048576K
}
Event: 27.255 GC heap after
{Heap after GC invocations=61 (full 0):
 garbage-first heap   total 334848K, used 203008K [0x0000000080000000, 0x0000000100000000)
  region size 1024K, 5 young (5120K), 5 survivors (5120K)
 Metaspace       used 143693K, committed 144704K, reserved 1179648K
  class space    used 20177K, committed 20672K, reserved 1048576K
}
Event: 27.981 GC heap before
{Heap before GC invocations=61 (full 0):
 garbage-first heap   total 334848K, used 303360K [0x0000000080000000, 0x0000000100000000)
  region size 1024K, 77 young (78848K), 5 survivors (5120K)
 Metaspace       used 147136K, committed 148096K, reserved 1179648K
  class space    used 20688K, committed 21184K, reserved 1048576K
}
Event: 27.985 GC heap after
{Heap after GC invocations=62 (full 0):
 garbage-first heap   total 334848K, used 224101K [0x0000000080000000, 0x0000000100000000)
  region size 1024K, 4 young (4096K), 4 survivors (4096K)
 Metaspace       used 147136K, committed 148096K, reserved 1179648K
  class space    used 20688K, committed 21184K, reserved 1048576K
}
Event: 781.158 GC heap before
{Heap before GC invocations=62 (full 0):
 garbage-first heap   total 334848K, used 287589K [0x0000000080000000, 0x0000000100000000)
  region size 1024K, 64 young (65536K), 4 survivors (4096K)
 Metaspace       used 148398K, committed 149440K, reserved 1179648K
  class space    used 20861K, committed 21376K, reserved 1048576K
}
Event: 781.188 GC heap after
{Heap after GC invocations=63 (full 0):
 garbage-first heap   total 334848K, used 203594K [0x0000000080000000, 0x0000000100000000)
  region size 1024K, 6 young (6144K), 6 survivors (6144K)
 Metaspace       used 148398K, committed 149440K, reserved 1179648K
  class space    used 20861K, committed 21376K, reserved 1048576K
}
Event: 782.508 GC heap before
{Heap before GC invocations=63 (full 0):
 garbage-first heap   total 334848K, used 284490K [0x0000000080000000, 0x0000000100000000)
  region size 1024K, 86 young (88064K), 6 survivors (6144K)
 Metaspace       used 149081K, committed 150080K, reserved 1179648K
  class space    used 20886K, committed 21376K, reserved 1048576K
}
Event: 782.525 GC heap after
{Heap after GC invocations=64 (full 0):
 garbage-first heap   total 334848K, used 212101K [0x0000000080000000, 0x0000000100000000)
  region size 1024K, 11 young (11264K), 11 survivors (11264K)
 Metaspace       used 149081K, committed 150080K, reserved 1179648K
  class space    used 20886K, committed 21376K, reserved 1048576K
}
Event: 784.711 GC heap before
{Heap before GC invocations=64 (full 0):
 garbage-first heap   total 334848K, used 283781K [0x0000000080000000, 0x0000000100000000)
  region size 1024K, 80 young (81920K), 11 survivors (11264K)
 Metaspace       used 149374K, committed 150400K, reserved 1179648K
  class space    used 20889K, committed 21376K, reserved 1048576K
}
Event: 784.728 GC heap after
{Heap after GC invocations=65 (full 0):
 garbage-first heap   total 334848K, used 217272K [0x0000000080000000, 0x0000000100000000)
  region size 1024K, 3 young (3072K), 3 survivors (3072K)
 Metaspace       used 149374K, committed 150400K, reserved 1179648K
  class space    used 20889K, committed 21376K, reserved 1048576K
}
Event: 784.951 GC heap before
{Heap before GC invocations=65 (full 0):
 garbage-first heap   total 334848K, used 252088K [0x0000000080000000, 0x0000000100000000)
  region size 1024K, 17 young (17408K), 3 survivors (3072K)
 Metaspace       used 149612K, committed 150656K, reserved 1179648K
  class space    used 20893K, committed 21376K, reserved 1048576K
}
Event: 784.956 GC heap after
{Heap after GC invocations=66 (full 0):
 garbage-first heap   total 334848K, used 236114K [0x0000000080000000, 0x0000000100000000)
  region size 1024K, 2 young (2048K), 2 survivors (2048K)
 Metaspace       used 149612K, committed 150656K, reserved 1179648K
  class space    used 20893K, committed 21376K, reserved 1048576K
}
Event: 901.039 GC heap before
{Heap before GC invocations=66 (full 0):
 garbage-first heap   total 334848K, used 292434K [0x0000000080000000, 0x0000000100000000)
  region size 1024K, 54 young (55296K), 2 survivors (2048K)
 Metaspace       used 149925K, committed 151040K, reserved 1179648K
  class space    used 20918K, committed 21440K, reserved 1048576K
}
Event: 901.047 GC heap after
{Heap after GC invocations=67 (full 0):
 garbage-first heap   total 334848K, used 217303K [0x0000000080000000, 0x0000000100000000)
  region size 1024K, 5 young (5120K), 5 survivors (5120K)
 Metaspace       used 149925K, committed 151040K, reserved 1179648K
  class space    used 20918K, committed 21440K, reserved 1048576K
}
Event: 901.789 GC heap before
{Heap before GC invocations=67 (full 0):
 garbage-first heap   total 334848K, used 286935K [0x0000000080000000, 0x0000000100000000)
  region size 1024K, 73 young (74752K), 5 survivors (5120K)
 Metaspace       used 150273K, committed 151424K, reserved 1179648K
  class space    used 20940K, committed 21504K, reserved 1048576K
}
Event: 901.791 GC heap after
{Heap after GC invocations=68 (full 0):
 garbage-first heap   total 334848K, used 213895K [0x0000000080000000, 0x0000000100000000)
  region size 1024K, 2 young (2048K), 2 survivors (2048K)
 Metaspace       used 150273K, committed 151424K, reserved 1179648K
  class space    used 20940K, committed 21504K, reserved 1048576K
}

